{
  "RSpec": {
    "coverage": {
      "/Users/oh/projects/tech_tests/tic-tac-toe/spec/ai_spec.rb": [
        1,
        null,
        1,
        1,
        1,
        1,
        1,
        9,
        9,
        1,
        null,
        1,
        1,
        1,
        1,
        1,
        null,
        null,
        1,
        1,
        1,
        1,
        null,
        null,
        null,
        1,
        1,
        1,
        1,
        1,
        null,
        null,
        1,
        1,
        1,
        1,
        null,
        null,
        null,
        1,
        1,
        1,
        1,
        1,
        null,
        null,
        1,
        1,
        1,
        1,
        null,
        null,
        1,
        1,
        null,
        null,
        1,
        1,
        null,
        null,
        1,
        1,
        null,
        null,
        1,
        1,
        null,
        null,
        null,
        null
      ],
      "/Users/oh/projects/tech_tests/tic-tac-toe/spec/feature/basic_features_spec.rb": [
        1,
        1,
        3,
        null,
        null,
        1,
        1,
        1,
        null,
        null,
        1,
        1,
        1,
        null,
        null,
        1,
        1,
        1,
        1,
        null,
        null
      ],
      "/Users/oh/projects/tech_tests/tic-tac-toe/spec/feature/human_vs_human_spec.rb": [
        1,
        null,
        1,
        1,
        null,
        1,
        1,
        null,
        null,
        1,
        1,
        1,
        null,
        null,
        1,
        1,
        1,
        1,
        null,
        null,
        1,
        1,
        6,
        1,
        1,
        null,
        null,
        1,
        1,
        10,
        1,
        null,
        null,
        null
      ],
      "/Users/oh/projects/tech_tests/tic-tac-toe/spec/feature/feature_helper.rb": [
        1,
        2,
        9,
        9,
        9,
        null,
        null
      ],
      "/Users/oh/projects/tech_tests/tic-tac-toe/spec/feature/player_vs_ai_spec.rb": [
        1,
        null,
        1,
        1,
        null,
        1,
        1,
        null,
        null,
        1,
        1,
        1,
        1,
        1,
        null,
        null,
        1,
        1,
        2,
        2,
        null,
        1,
        1,
        1,
        null,
        null,
        1,
        1,
        4,
        4,
        null,
        1,
        1,
        1,
        null,
        null
      ],
      "/Users/oh/projects/tech_tests/tic-tac-toe/spec/game_setup_spec.rb": [
        1,
        null,
        1,
        5,
        5,
        5,
        5,
        5,
        2,
        null,
        1,
        1,
        null,
        null,
        1,
        1,
        null,
        null,
        1,
        1,
        null,
        null,
        1,
        1,
        1,
        null,
        null
      ],
      "/Users/oh/projects/tech_tests/tic-tac-toe/spec/game_spec.rb": [
        1,
        null,
        1,
        1,
        9,
        9,
        9,
        9,
        9,
        11,
        4,
        null,
        1,
        1,
        null,
        null,
        1,
        1,
        null,
        null,
        1,
        1,
        null,
        null,
        1,
        1,
        1,
        null,
        null,
        1,
        1,
        4,
        null,
        null,
        1,
        1,
        1,
        null,
        null,
        1,
        1,
        null,
        null,
        1,
        1,
        1,
        1,
        1,
        1,
        1,
        null,
        null
      ],
      "/Users/oh/projects/tech_tests/tic-tac-toe/spec/grid_spec.rb": [
        1,
        1,
        null,
        1,
        5,
        2,
        2,
        2,
        2,
        null,
        1,
        1,
        null,
        null,
        1,
        1,
        null,
        null,
        1,
        1,
        null,
        null,
        1,
        1,
        null,
        null
      ]
    },
    "timestamp": 1456326566
  }
}
